<?xml version="1.0" encoding="UTF-8"?>
<testng-results ignored="0" total="30" passed="30" failed="0" skipped="0">
  <reporter-output>
  </reporter-output>
  <suite started-at="2024-05-04T23:42:04 IST" name="Suite" finished-at="2024-05-04T23:44:13 IST" duration-ms="129083">
    <groups>
    </groups>
    <test started-at="2024-05-04T23:42:04 IST" name="Test" finished-at="2024-05-04T23:43:03 IST" duration-ms="59468">
      <class name="test.ResultPageTest">
        <test-method signature="genderFilter()[pri:5, instance:test.ResultPageTest@712625fd]" started-at="2024-05-04T23:42:25 IST" name="genderFilter" finished-at="2024-05-04T23:42:29 IST" duration-ms="3669" status="PASS">
          <reporter-output>
          </reporter-output>
        </test-method> <!-- genderFilter -->
        <test-method signature="patientStoriesFilter()[pri:6, instance:test.ResultPageTest@712625fd]" started-at="2024-05-04T23:42:29 IST" name="patientStoriesFilter" finished-at="2024-05-04T23:42:32 IST" duration-ms="3118" status="PASS">
          <reporter-output>
          </reporter-output>
        </test-method> <!-- patientStoriesFilter -->
        <test-method signature="experienceFilter()[pri:7, instance:test.ResultPageTest@712625fd]" started-at="2024-05-04T23:42:32 IST" name="experienceFilter" finished-at="2024-05-04T23:42:35 IST" duration-ms="2842" status="PASS">
          <reporter-output>
          </reporter-output>
        </test-method> <!-- experienceFilter -->
        <test-method signature="allFilters()[pri:8, instance:test.ResultPageTest@712625fd]" started-at="2024-05-04T23:42:35 IST" name="allFilters" finished-at="2024-05-04T23:42:38 IST" duration-ms="2798" status="PASS">
          <reporter-output>
          </reporter-output>
        </test-method> <!-- allFilters -->
        <test-method signature="shortByFilter()[pri:9, instance:test.ResultPageTest@712625fd]" started-at="2024-05-04T23:42:38 IST" name="shortByFilter" finished-at="2024-05-04T23:42:40 IST" duration-ms="2312" status="PASS">
          <reporter-output>
          </reporter-output>
        </test-method> <!-- shortByFilter -->
        <test-method signature="doctorDetails()[pri:11, instance:test.ResultPageTest@712625fd]" started-at="2024-05-04T23:42:40 IST" name="doctorDetails" finished-at="2024-05-04T23:42:41 IST" duration-ms="602" status="PASS">
          <reporter-output>
          </reporter-output>
        </test-method> <!-- doctorDetails -->
        <test-method signature="navigatingToCorporate()[pri:12, instance:test.ResultPageTest@712625fd]" started-at="2024-05-04T23:42:41 IST" name="navigatingToCorporate" finished-at="2024-05-04T23:42:45 IST" duration-ms="4629" status="PASS">
          <reporter-output>
          </reporter-output>
        </test-method> <!-- navigatingToCorporate -->
      </class> <!-- test.ResultPageTest -->
      <class name="test.FindAndBookTest">
        <test-method signature="popularPlace(java.lang.String)[pri:3, instance:test.FindAndBookTest@33065d67]" started-at="2024-05-04T23:42:21 IST" name="popularPlace" finished-at="2024-05-04T23:42:22 IST" duration-ms="1458" status="PASS">
          <params>
            <param index="0">
              <value>
                <![CDATA[Bangalore]]>
              </value>
            </param>
          </params>
          <reporter-output>
          </reporter-output>
        </test-method> <!-- popularPlace -->
        <test-method signature="speciality()[pri:4, instance:test.FindAndBookTest@33065d67]" started-at="2024-05-04T23:42:22 IST" name="speciality" finished-at="2024-05-04T23:42:25 IST" duration-ms="2986" status="PASS">
          <reporter-output>
          </reporter-output>
        </test-method> <!-- speciality -->
      </class> <!-- test.FindAndBookTest -->
      <class name="test.FormPageTest">
        <test-method is-config="true" signature="settingup()[pri:0, instance:test.FormPageTest@7ce69770]" started-at="2024-05-04T23:42:45 IST" name="settingup" finished-at="2024-05-04T23:42:46 IST" duration-ms="58" status="PASS">
          <reporter-output>
          </reporter-output>
        </test-method> <!-- settingup -->
        <test-method signature="formtest(java.lang.String,java.lang.String,java.lang.String,java.lang.String,java.lang.String,java.lang.String,java.lang.String)[pri:13, instance:test.FormPageTest@7ce69770]" started-at="2024-05-04T23:42:46 IST" name="formtest" data-provider="formData" finished-at="2024-05-04T23:42:50 IST" duration-ms="4671" status="PASS">
          <params>
            <param index="0">
              <value>
                <![CDATA[positive]]>
              </value>
            </param>
            <param index="1">
              <value>
                <![CDATA[Subart]]>
              </value>
            </param>
            <param index="2">
              <value>
                <![CDATA[NewCognizant]]>
              </value>
            </param>
            <param index="3">
              <value>
                <![CDATA[9090904935]]>
              </value>
            </param>
            <param index="4">
              <value>
                <![CDATA[Subrat@xyz.com]]>
              </value>
            </param>
            <param index="5">
              <value>
                <![CDATA[1001-5000]]>
              </value>
            </param>
            <param index="6">
              <value>
                <![CDATA[Referring someone]]>
              </value>
            </param>
          </params>
          <reporter-output>
          </reporter-output>
        </test-method> <!-- formtest -->
        <test-method signature="formtest(java.lang.String,java.lang.String,java.lang.String,java.lang.String,java.lang.String,java.lang.String,java.lang.String)[pri:13, instance:test.FormPageTest@7ce69770]" started-at="2024-05-04T23:42:50 IST" name="formtest" data-provider="formData" finished-at="2024-05-04T23:42:54 IST" duration-ms="4122" status="PASS">
          <params>
            <param index="0">
              <value>
                <![CDATA[negative]]>
              </value>
            </param>
            <param index="1">
              <value>
                <![CDATA[Subart]]>
              </value>
            </param>
            <param index="2">
              <value>
                <![CDATA[NewCognizant]]>
              </value>
            </param>
            <param index="3">
              <value>
                <![CDATA[90909049]]>
              </value>
            </param>
            <param index="4">
              <value>
                <![CDATA[Subrat@xyz.com]]>
              </value>
            </param>
            <param index="5">
              <value>
                <![CDATA[1001-5000]]>
              </value>
            </param>
            <param index="6">
              <value>
                <![CDATA[Referring someone]]>
              </value>
            </param>
          </params>
          <reporter-output>
          </reporter-output>
        </test-method> <!-- formtest -->
        <test-method signature="formtest(java.lang.String,java.lang.String,java.lang.String,java.lang.String,java.lang.String,java.lang.String,java.lang.String)[pri:13, instance:test.FormPageTest@7ce69770]" started-at="2024-05-04T23:42:54 IST" name="formtest" data-provider="formData" finished-at="2024-05-04T23:42:59 IST" duration-ms="4311" status="PASS">
          <params>
            <param index="0">
              <value>
                <![CDATA[negative]]>
              </value>
            </param>
            <param index="1">
              <value>
                <![CDATA[Subart]]>
              </value>
            </param>
            <param index="2">
              <value>
                <![CDATA[NewCognizant]]>
              </value>
            </param>
            <param index="3">
              <value>
                <![CDATA[9090904935]]>
              </value>
            </param>
            <param index="4">
              <value>
                <![CDATA[Subrat@xyz]]>
              </value>
            </param>
            <param index="5">
              <value>
                <![CDATA[1001-5000]]>
              </value>
            </param>
            <param index="6">
              <value>
                <![CDATA[Referring someone]]>
              </value>
            </param>
          </params>
          <reporter-output>
          </reporter-output>
        </test-method> <!-- formtest -->
        <test-method signature="tearDown()[pri:14, instance:test.FormPageTest@7ce69770]" started-at="2024-05-04T23:42:59 IST" name="tearDown" finished-at="2024-05-04T23:43:03 IST" duration-ms="4531" status="PASS">
          <reporter-output>
          </reporter-output>
        </test-method> <!-- tearDown -->
      </class> <!-- test.FormPageTest -->
      <class name="test.PractoHomeTest">
        <test-method signature="setUp(java.lang.String)[pri:1, instance:test.PractoHomeTest@2034b64c]" started-at="2024-05-04T23:42:05 IST" name="setUp" finished-at="2024-05-04T23:42:18 IST" duration-ms="12322" status="PASS">
          <params>
            <param index="0">
              <value>
                <![CDATA[chrome]]>
              </value>
            </param>
          </params>
          <reporter-output>
          </reporter-output>
        </test-method> <!-- setUp -->
        <test-method signature="searchDoctor()[pri:2, instance:test.PractoHomeTest@2034b64c]" started-at="2024-05-04T23:42:18 IST" name="searchDoctor" finished-at="2024-05-04T23:42:21 IST" duration-ms="3411" status="PASS">
          <reporter-output>
          </reporter-output>
        </test-method> <!-- searchDoctor -->
      </class> <!-- test.PractoHomeTest -->
    </test> <!-- Test -->
    <test started-at="2024-05-04T23:43:05 IST" name="Test2" finished-at="2024-05-04T23:44:13 IST" duration-ms="67422">
      <class name="test.ResultPageTest">
        <test-method signature="genderFilter()[pri:5, instance:test.ResultPageTest@5b799640]" started-at="2024-05-04T23:43:33 IST" name="genderFilter" finished-at="2024-05-04T23:43:37 IST" duration-ms="3665" status="PASS">
          <reporter-output>
          </reporter-output>
        </test-method> <!-- genderFilter -->
        <test-method signature="patientStoriesFilter()[pri:6, instance:test.ResultPageTest@5b799640]" started-at="2024-05-04T23:43:37 IST" name="patientStoriesFilter" finished-at="2024-05-04T23:43:40 IST" duration-ms="3148" status="PASS">
          <reporter-output>
          </reporter-output>
        </test-method> <!-- patientStoriesFilter -->
        <test-method signature="experienceFilter()[pri:7, instance:test.ResultPageTest@5b799640]" started-at="2024-05-04T23:43:40 IST" name="experienceFilter" finished-at="2024-05-04T23:43:43 IST" duration-ms="3235" status="PASS">
          <reporter-output>
          </reporter-output>
        </test-method> <!-- experienceFilter -->
        <test-method signature="allFilters()[pri:8, instance:test.ResultPageTest@5b799640]" started-at="2024-05-04T23:43:43 IST" name="allFilters" finished-at="2024-05-04T23:43:46 IST" duration-ms="2509" status="PASS">
          <reporter-output>
          </reporter-output>
        </test-method> <!-- allFilters -->
        <test-method signature="shortByFilter()[pri:9, instance:test.ResultPageTest@5b799640]" started-at="2024-05-04T23:43:46 IST" name="shortByFilter" finished-at="2024-05-04T23:43:47 IST" duration-ms="1734" status="PASS">
          <reporter-output>
          </reporter-output>
        </test-method> <!-- shortByFilter -->
        <test-method signature="doctorDetails()[pri:11, instance:test.ResultPageTest@5b799640]" started-at="2024-05-04T23:43:47 IST" name="doctorDetails" finished-at="2024-05-04T23:43:48 IST" duration-ms="513" status="PASS">
          <reporter-output>
          </reporter-output>
        </test-method> <!-- doctorDetails -->
        <test-method signature="navigatingToCorporate()[pri:12, instance:test.ResultPageTest@5b799640]" started-at="2024-05-04T23:43:48 IST" name="navigatingToCorporate" finished-at="2024-05-04T23:43:53 IST" duration-ms="5394" status="PASS">
          <reporter-output>
          </reporter-output>
        </test-method> <!-- navigatingToCorporate -->
      </class> <!-- test.ResultPageTest -->
      <class name="test.FindAndBookTest">
        <test-method signature="popularPlace(java.lang.String)[pri:3, instance:test.FindAndBookTest@4201c465]" started-at="2024-05-04T23:43:24 IST" name="popularPlace" finished-at="2024-05-04T23:43:29 IST" duration-ms="5120" status="PASS">
          <params>
            <param index="0">
              <value>
                <![CDATA[Pune]]>
              </value>
            </param>
          </params>
          <reporter-output>
          </reporter-output>
        </test-method> <!-- popularPlace -->
        <test-method signature="speciality()[pri:4, instance:test.FindAndBookTest@4201c465]" started-at="2024-05-04T23:43:29 IST" name="speciality" finished-at="2024-05-04T23:43:33 IST" duration-ms="4312" status="PASS">
          <reporter-output>
          </reporter-output>
        </test-method> <!-- speciality -->
      </class> <!-- test.FindAndBookTest -->
      <class name="test.FormPageTest">
        <test-method is-config="true" signature="settingup()[pri:0, instance:test.FormPageTest@6cb107fd]" started-at="2024-05-04T23:43:53 IST" name="settingup" finished-at="2024-05-04T23:43:53 IST" duration-ms="1" status="PASS">
          <reporter-output>
          </reporter-output>
        </test-method> <!-- settingup -->
        <test-method signature="formtest(java.lang.String,java.lang.String,java.lang.String,java.lang.String,java.lang.String,java.lang.String,java.lang.String)[pri:13, instance:test.FormPageTest@6cb107fd]" started-at="2024-05-04T23:43:53 IST" name="formtest" data-provider="formData" finished-at="2024-05-04T23:43:59 IST" duration-ms="5416" status="PASS">
          <params>
            <param index="0">
              <value>
                <![CDATA[positive]]>
              </value>
            </param>
            <param index="1">
              <value>
                <![CDATA[Subart]]>
              </value>
            </param>
            <param index="2">
              <value>
                <![CDATA[NewCognizant]]>
              </value>
            </param>
            <param index="3">
              <value>
                <![CDATA[9090904935]]>
              </value>
            </param>
            <param index="4">
              <value>
                <![CDATA[Subrat@xyz.com]]>
              </value>
            </param>
            <param index="5">
              <value>
                <![CDATA[1001-5000]]>
              </value>
            </param>
            <param index="6">
              <value>
                <![CDATA[Referring someone]]>
              </value>
            </param>
          </params>
          <reporter-output>
          </reporter-output>
        </test-method> <!-- formtest -->
        <test-method signature="formtest(java.lang.String,java.lang.String,java.lang.String,java.lang.String,java.lang.String,java.lang.String,java.lang.String)[pri:13, instance:test.FormPageTest@6cb107fd]" started-at="2024-05-04T23:43:59 IST" name="formtest" data-provider="formData" finished-at="2024-05-04T23:44:04 IST" duration-ms="5314" status="PASS">
          <params>
            <param index="0">
              <value>
                <![CDATA[negative]]>
              </value>
            </param>
            <param index="1">
              <value>
                <![CDATA[Subart]]>
              </value>
            </param>
            <param index="2">
              <value>
                <![CDATA[NewCognizant]]>
              </value>
            </param>
            <param index="3">
              <value>
                <![CDATA[90909049]]>
              </value>
            </param>
            <param index="4">
              <value>
                <![CDATA[Subrat@xyz.com]]>
              </value>
            </param>
            <param index="5">
              <value>
                <![CDATA[1001-5000]]>
              </value>
            </param>
            <param index="6">
              <value>
                <![CDATA[Referring someone]]>
              </value>
            </param>
          </params>
          <reporter-output>
          </reporter-output>
        </test-method> <!-- formtest -->
        <test-method signature="formtest(java.lang.String,java.lang.String,java.lang.String,java.lang.String,java.lang.String,java.lang.String,java.lang.String)[pri:13, instance:test.FormPageTest@6cb107fd]" started-at="2024-05-04T23:44:04 IST" name="formtest" data-provider="formData" finished-at="2024-05-04T23:44:08 IST" duration-ms="4325" status="PASS">
          <params>
            <param index="0">
              <value>
                <![CDATA[negative]]>
              </value>
            </param>
            <param index="1">
              <value>
                <![CDATA[Subart]]>
              </value>
            </param>
            <param index="2">
              <value>
                <![CDATA[NewCognizant]]>
              </value>
            </param>
            <param index="3">
              <value>
                <![CDATA[9090904935]]>
              </value>
            </param>
            <param index="4">
              <value>
                <![CDATA[Subrat@xyz]]>
              </value>
            </param>
            <param index="5">
              <value>
                <![CDATA[1001-5000]]>
              </value>
            </param>
            <param index="6">
              <value>
                <![CDATA[Referring someone]]>
              </value>
            </param>
          </params>
          <reporter-output>
          </reporter-output>
        </test-method> <!-- formtest -->
        <test-method signature="tearDown()[pri:14, instance:test.FormPageTest@6cb107fd]" started-at="2024-05-04T23:44:08 IST" name="tearDown" finished-at="2024-05-04T23:44:13 IST" duration-ms="4517" status="PASS">
          <reporter-output>
          </reporter-output>
        </test-method> <!-- tearDown -->
      </class> <!-- test.FormPageTest -->
      <class name="test.PractoHomeTest">
        <test-method signature="setUp(java.lang.String)[pri:1, instance:test.PractoHomeTest@7a5ceedd]" started-at="2024-05-04T23:43:05 IST" name="setUp" finished-at="2024-05-04T23:43:20 IST" duration-ms="14604" status="PASS">
          <params>
            <param index="0">
              <value>
                <![CDATA[chrome]]>
              </value>
            </param>
          </params>
          <reporter-output>
          </reporter-output>
        </test-method> <!-- setUp -->
        <test-method signature="searchDoctor()[pri:2, instance:test.PractoHomeTest@7a5ceedd]" started-at="2024-05-04T23:43:20 IST" name="searchDoctor" finished-at="2024-05-04T23:43:24 IST" duration-ms="3563" status="PASS">
          <reporter-output>
          </reporter-output>
        </test-method> <!-- searchDoctor -->
      </class> <!-- test.PractoHomeTest -->
    </test> <!-- Test2 -->
  </suite> <!-- Suite -->
</testng-results>
